
May 16, 2024 20:22:07.66 NEW SESSION
May 16, 2024 20:22:07.68 [13964:15088:0516/202207.666:ERROR:chrome_browser_cloud_management_controller.cc(161)] Cloud management controller initialization aborted as CBCM is not enabled. Please use the `--enable-chrome-browser-cloud-management` command line flag to enable it if you are not using the official Google Chrome build.
May 16, 2024 20:22:09.34 [13964:15088:0516/202209.341:ERROR:fallback_task_provider.cc(127)] Every renderer should have at least one task provided by a primary task provider. If a "Renderer" fallback task is shown, it is a bug. If you have repro steps, please file a new bug and tag it as a dependency of crbug.com/739782.
May 16, 2024 20:22:09.35 [13964:15088:0516/202209.354:ERROR:fallback_task_provider.cc(127)] Every renderer should have at least one task provided by a primary task provider. If a "Renderer" fallback task is shown, it is a bug. If you have repro steps, please file a new bug and tag it as a dependency of crbug.com/739782.
May 16, 2024 20:22:10.08 [13964:15088:0516/202210.080:ERROR:fallback_task_provider.cc(127)] Every renderer should have at least one task provided by a primary task provider. If a "Renderer" fallback task is shown, it is a bug. If you have repro steps, please file a new bug and tag it as a dependency of crbug.com/739782.
May 16, 2024 20:22:40.32 [13964:15088:0516/202240.326:ERROR:CONSOLE(2)] "Blocked autofocusing on a <cib-action-bar> element in a cross-origin subframe.", source: https://edgeservices.bing.com/rp/L6Z6U6VKU3Qy75MfAG_-rwTmdaA.br.js (2)
May 16, 2024 20:22:40.43 [13964:15088:0516/202240.436:ERROR:CONSOLE(2)] "Blocked autofocusing on a <textarea> element in a cross-origin subframe.", source: https://edgeservices.bing.com/rp/L6Z6U6VKU3Qy75MfAG_-rwTmdaA.br.js (2)
May 16, 2024 20:56:27.17 [13964:15088:0516/205627.176:ERROR:chrome_web_ui_controller_factory.cc(1679)] Requested load of chrome://newtab/ for incorrect profile type.
May 16, 2024 20:56:40.85 [13964:15088:0516/205640.851:ERROR:fallback_task_provider.cc(127)] Every renderer should have at least one task provided by a primary task provider. If a "Renderer" fallback task is shown, it is a bug. If you have repro steps, please file a new bug and tag it as a dependency of crbug.com/739782.
May 16, 2024 21:11:11.43 [13964:15088:0516/211111.436:ERROR:chrome_web_ui_controller_factory.cc(1679)] Requested load of chrome://newtab/ for incorrect profile type.
May 16, 2024 21:11:13.44 [13964:15088:0516/211113.440:ERROR:fallback_task_provider.cc(127)] Every renderer should have at least one task provided by a primary task provider. If a "Renderer" fallback task is shown, it is a bug. If you have repro steps, please file a new bug and tag it as a dependency of crbug.com/739782.
May 16, 2024 21:11:14.27 [13964:15088:0516/211114.278:ERROR:interface_endpoint_client.cc(707)] Message 2 rejected by interface blink.mojom.WidgetHost
May 16, 2024 21:11:17.70 [13964:15088:0516/211117.705:ERROR:fallback_task_provider.cc(127)] Every renderer should have at least one task provided by a primary task provider. If a "Renderer" fallback task is shown, it is a bug. If you have repro steps, please file a new bug and tag it as a dependency of crbug.com/739782.
May 16, 2024 21:31:51.57 [13964:15088:0516/213151.572:ERROR:chrome_web_ui_controller_factory.cc(1679)] Requested load of chrome://newtab/ for incorrect profile type.
May 16, 2024 21:31:55.74 [13964:15088:0516/213155.746:ERROR:fallback_task_provider.cc(127)] Every renderer should have at least one task provided by a primary task provider. If a "Renderer" fallback task is shown, it is a bug. If you have repro steps, please file a new bug and tag it as a dependency of crbug.com/739782.
May 16, 2024 21:31:56.27 [13964:15088:0516/213156.265:ERROR:fallback_task_provider.cc(127)] Every renderer should have at least one task provided by a primary task provider. If a "Renderer" fallback task is shown, it is a bug. If you have repro steps, please file a new bug and tag it as a dependency of crbug.com/739782.
May 16, 2024 22:11:01.50 [13964:15088:0516/221101.501:ERROR:device_event_log_impl.cc(239)] [22:11:01.501] USB: usb_service_win.cc:105 SetupDiGetDeviceProperty({{A45C254E-DF1C-4EFD-8020-67D146A850E0}, 6}) failed: Element not found. (0x490)
May 16, 2024 23:03:46.53 [13964:15088:0516/230346.535:ERROR:device_event_log_impl.cc(239)] [23:03:46.535] USB: usb_service_win.cc:105 SetupDiGetDeviceProperty({{A45C254E-DF1C-4EFD-8020-67D146A850E0}, 6}) failed: Element not found. (0x490)
May 16, 2024 23:28:55.21 [13964:15088:0516/232855.217:ERROR:chrome_web_ui_controller_factory.cc(1679)] Requested load of chrome://newtab/ for incorrect profile type.
May 16, 2024 23:29:40.21 [13964:15088:0516/232940.211:ERROR:chrome_web_ui_controller_factory.cc(1679)] Requested load of chrome://newtab/ for incorrect profile type.
May 16, 2024 23:32:40.24 [13964:15088:0516/233240.247:ERROR:chrome_web_ui_controller_factory.cc(1679)] Requested load of chrome://newtab/ for incorrect profile type.

May 20, 2024 21:01:25.73 NEW SESSION
May 20, 2024 21:01:25.75 [9948:9548:0520/210125.734:ERROR:fallback_task_provider.cc(127)] Every renderer should have at least one task provided by a primary task provider. If a "Renderer" fallback task is shown, it is a bug. If you have repro steps, please file a new bug and tag it as a dependency of crbug.com/739782.
May 20, 2024 21:01:25.75 [9948:9548:0520/210125.734:ERROR:fallback_task_provider.cc(127)] Every renderer should have at least one task provided by a primary task provider. If a "Renderer" fallback task is shown, it is a bug. If you have repro steps, please file a new bug and tag it as a dependency of crbug.com/739782.
May 20, 2024 21:01:57.48 [9948:9548:0520/210157.487:ERROR:CONSOLE(2)] "Blocked autofocusing on a <cib-action-bar> element in a cross-origin subframe.", source: https://edgeservices.bing.com/rp/-Kc8IFliASxPpbk8y8d9exvjtdg.br.js (2)
May 20, 2024 21:01:57.68 [9948:9548:0520/210157.685:ERROR:CONSOLE(2)] "Blocked autofocusing on a <textarea> element in a cross-origin subframe.", source: https://edgeservices.bing.com/rp/-Kc8IFliASxPpbk8y8d9exvjtdg.br.js (2)
May 20, 2024 21:03:49.10 [9948:9548:0520/210349.095:ERROR:chrome_web_ui_controller_factory.cc(1623)] Requested load of chrome://newtab/ for incorrect profile type.
May 20, 2024 21:03:52.69 [9948:9548:0520/210352.691:ERROR:fallback_task_provider.cc(127)] Every renderer should have at least one task provided by a primary task provider. If a "Renderer" fallback task is shown, it is a bug. If you have repro steps, please file a new bug and tag it as a dependency of crbug.com/739782.
May 20, 2024 21:04:32.37 [9948:9548:0520/210432.378:ERROR:chrome_web_ui_controller_factory.cc(1623)] Requested load of chrome://newtab/ for incorrect profile type.
May 20, 2024 21:04:35.11 [9948:9548:0520/210435.119:ERROR:interface_endpoint_client.cc(722)] Message 2 rejected by interface blink.mojom.WidgetHost
May 20, 2024 21:25:31.18 [9948:9548:0520/212531.183:ERROR:CONSOLE(1)] "Uncaught (in promise) SyntaxError: Unexpected token 'H', "HTTP/1.1 4"... is not valid JSON", source: devtools://devtools/bundled/devtools_app.html?remoteBase=https://devtools.azureedge.net/serve_file/@b1bc6e89265460630448e2b98583a45f33a8c7e9/&can_dock=true&panel=elements&firstLaunch=true&targetType=tab&veLogging=true&isFeedbackEnabled=true&msEdgeDevToolsMicroFeedback=true&isChatEnabled=true&enabledExperiments=msEdgeDevToolsNetworkConsole;layersIn3DView;keyboardShortcutEditor;msEdgeVSCodeThemes;msEdgeDevToolsDetachedElements;msEdgeDynamicWelcome;msEdgeAIExplainConsoleError (1)

May 21, 2024 08:16:47.24 NEW SESSION
May 21, 2024 08:16:47.26 Created TensorFlow Lite XNNPACK delegate for CPU.

May 21, 2024 16:03:18.49 NEW SESSION
May 21, 2024 16:03:18.50 Created TensorFlow Lite XNNPACK delegate for CPU.

May 22, 2024 14:30:05.32 NEW SESSION
May 22, 2024 14:30:05.34 Created TensorFlow Lite XNNPACK delegate for CPU.
May 22, 2024 14:42:10.99 [2800:10140:0522/144210.995:ERROR:device_event_log_impl.cc(195)] [14:42:10.994] USB: usb_service_win.cc:105 SetupDiGetDeviceProperty({{A45C254E-DF1C-4EFD-8020-67D146A850E0}, 6}) failed: Element not found. (0x490)

May 22, 2024 23:53:07.02 NEW SESSION
May 22, 2024 23:53:07.03 Created TensorFlow Lite XNNPACK delegate for CPU.

May 23, 2024 09:24:19.75 NEW SESSION
May 23, 2024 09:24:19.76 Created TensorFlow Lite XNNPACK delegate for CPU.

May 24, 2024 08:30:18.45 NEW SESSION
May 24, 2024 08:30:18.46 Created TensorFlow Lite XNNPACK delegate for CPU.

May 24, 2024 10:32:13.32 NEW SESSION
May 24, 2024 10:32:13.33 Created TensorFlow Lite XNNPACK delegate for CPU.

May 24, 2024 11:47:32.42 NEW SESSION
May 24, 2024 11:47:32.43 Created TensorFlow Lite XNNPACK delegate for CPU.
May 24, 2024 11:50:14.15 Created TensorFlow Lite XNNPACK delegate for CPU.
May 24, 2024 11:58:50.29 Created TensorFlow Lite XNNPACK delegate for CPU.
May 24, 2024 12:01:52.39 Created TensorFlow Lite XNNPACK delegate for CPU.
May 24, 2024 12:19:21.33 Created TensorFlow Lite XNNPACK delegate for CPU.

May 24, 2024 12:24:22.22 NEW SESSION
May 24, 2024 12:24:22.24 Created TensorFlow Lite XNNPACK delegate for CPU.

May 27, 2024 08:58:34.47 NEW SESSION
May 27, 2024 08:58:34.49 Created TensorFlow Lite XNNPACK delegate for CPU.
May 27, 2024 10:04:11.94 Created TensorFlow Lite XNNPACK delegate for CPU.

May 27, 2024 20:41:29.29 NEW SESSION
May 27, 2024 20:41:29.30 Created TensorFlow Lite XNNPACK delegate for CPU.

May 27, 2024 22:26:08.79 NEW SESSION
May 27, 2024 22:26:08.80 Created TensorFlow Lite XNNPACK delegate for CPU.
May 27, 2024 23:33:01.65 [16952:17864:0527/233301.652:ERROR:interface_endpoint_client.cc(722)] Message 0 rejected by interface blink.mojom.WidgetHost
May 27, 2024 23:34:22.65 [16952:17864:0527/233422.650:ERROR:interface_endpoint_client.cc(722)] Message 0 rejected by interface blink.mojom.WidgetHost
May 27, 2024 23:35:47.43 [16952:17864:0527/233547.430:ERROR:interface_endpoint_client.cc(722)] Message 0 rejected by interface blink.mojom.WidgetHost
May 27, 2024 23:36:30.41 [16952:17864:0527/233630.415:ERROR:interface_endpoint_client.cc(722)] Message 0 rejected by interface blink.mojom.WidgetHost
May 27, 2024 23:40:42.43 [16952:17864:0527/234042.438:ERROR:interface_endpoint_client.cc(722)] Message 0 rejected by interface blink.mojom.WidgetHost
May 27, 2024 23:41:16.95 [16952:17864:0527/234116.955:ERROR:interface_endpoint_client.cc(722)] Message 0 rejected by interface blink.mojom.WidgetHost
May 27, 2024 23:41:21.52 [16952:17864:0527/234121.523:ERROR:interface_endpoint_client.cc(722)] Message 0 rejected by interface blink.mojom.WidgetHost
May 27, 2024 23:41:31.38 [16952:17864:0527/234131.387:ERROR:interface_endpoint_client.cc(722)] Message 0 rejected by interface blink.mojom.WidgetHost
May 27, 2024 23:44:49.13 [16952:17864:0527/234449.136:ERROR:device_event_log_impl.cc(195)] [23:44:49.134] USB: usb_service_win.cc:105 SetupDiGetDeviceProperty({{A45C254E-DF1C-4EFD-8020-67D146A850E0}, 6}) failed: Element not found. (0x490)
May 28, 2024 24:08:19.87 Created TensorFlow Lite XNNPACK delegate for CPU.
May 28, 2024 24:10:31.90 Created TensorFlow Lite XNNPACK delegate for CPU.
May 28, 2024 24:19:04.04 Created TensorFlow Lite XNNPACK delegate for CPU.
May 28, 2024 24:23:00.17 Created TensorFlow Lite XNNPACK delegate for CPU.
May 28, 2024 24:33:51.84 Created TensorFlow Lite XNNPACK delegate for CPU.
May 28, 2024 24:36:25.83 Created TensorFlow Lite XNNPACK delegate for CPU.

May 28, 2024 08:34:17.66 NEW SESSION
May 28, 2024 08:34:17.68 Created TensorFlow Lite XNNPACK delegate for CPU.
May 28, 2024 10:03:31.03 Created TensorFlow Lite XNNPACK delegate for CPU.
May 28, 2024 10:37:43.32 [9228:18016:0528/103743.324:ERROR:CONSOLE(1)] "Request Network.loadNetworkResource failed. {"code":-32602,"message":"Unsupported URL scheme"}", source: devtools://devtools/bundled/devtools-frontend/front_end/core/protocol_client/protocol_client.js (1)

May 28, 2024 15:49:15.17 NEW SESSION
May 28, 2024 15:49:15.18 Created TensorFlow Lite XNNPACK delegate for CPU.
May 28, 2024 17:04:14.35 Created TensorFlow Lite XNNPACK delegate for CPU.
May 28, 2024 18:52:51.99 Created TensorFlow Lite XNNPACK delegate for CPU.

May 29, 2024 14:45:29.62 NEW SESSION
May 29, 2024 14:45:29.63 Created TensorFlow Lite XNNPACK delegate for CPU.
May 29, 2024 16:44:28.59 [17264:10916:0529/164428.589:ERROR:sharing_service.cc(250)] Device un-registration failed with fatal error

May 29, 2024 17:53:23.96 NEW SESSION
May 29, 2024 17:53:23.98 Created TensorFlow Lite XNNPACK delegate for CPU.

May 29, 2024 22:00:17.84 NEW SESSION
May 29, 2024 22:00:17.85 Created TensorFlow Lite XNNPACK delegate for CPU.

May 29, 2024 22:29:06.78 NEW SESSION
May 29, 2024 22:29:06.79 Created TensorFlow Lite XNNPACK delegate for CPU.

May 30, 2024 24:15:44.03 NEW SESSION
May 30, 2024 24:15:44.04 Created TensorFlow Lite XNNPACK delegate for CPU.

May 30, 2024 08:17:11.55 NEW SESSION
May 30, 2024 08:17:11.57 Created TensorFlow Lite XNNPACK delegate for CPU.

May 30, 2024 15:08:42.23 NEW SESSION
May 30, 2024 15:08:42.25 Created TensorFlow Lite XNNPACK delegate for CPU.
May 30, 2024 15:57:01.33 Created TensorFlow Lite XNNPACK delegate for CPU.
May 30, 2024 16:08:27.54 Created TensorFlow Lite XNNPACK delegate for CPU.
May 30, 2024 16:26:15.51 Created TensorFlow Lite XNNPACK delegate for CPU.
May 30, 2024 16:50:01.84 Created TensorFlow Lite XNNPACK delegate for CPU.
May 30, 2024 17:09:50.90 Created TensorFlow Lite XNNPACK delegate for CPU.
May 30, 2024 17:13:03.85 Created TensorFlow Lite XNNPACK delegate for CPU.
May 30, 2024 17:29:41.89 Created TensorFlow Lite XNNPACK delegate for CPU.
May 30, 2024 17:32:37.11 [8076:5388:0530/173237.113:ERROR:device_event_log_impl.cc(195)] [17:32:37.113] USB: usb_service_win.cc:105 SetupDiGetDeviceProperty({{A45C254E-DF1C-4EFD-8020-67D146A850E0}, 6}) failed: Element not found. (0x490)
May 30, 2024 18:47:07.88 Created TensorFlow Lite XNNPACK delegate for CPU.

May 31, 2024 24:21:35.47 NEW SESSION
May 31, 2024 24:21:35.48 Created TensorFlow Lite XNNPACK delegate for CPU.

May 31, 2024 08:15:11.11 NEW SESSION
May 31, 2024 08:15:11.13 Created TensorFlow Lite XNNPACK delegate for CPU.
May 31, 2024 09:34:38.57 Created TensorFlow Lite XNNPACK delegate for CPU.
May 31, 2024 10:21:52.29 Created TensorFlow Lite XNNPACK delegate for CPU.
May 31, 2024 10:23:50.80 Created TensorFlow Lite XNNPACK delegate for CPU.

Jun 01, 2024 10:07:15.96 NEW SESSION
Jun 01, 2024 10:07:15.97 Created TensorFlow Lite XNNPACK delegate for CPU.
Jun 01, 2024 10:32:32.98 Created TensorFlow Lite XNNPACK delegate for CPU.
Jun 01, 2024 10:58:22.07 Created TensorFlow Lite XNNPACK delegate for CPU.
Jun 01, 2024 11:15:33.14 Created TensorFlow Lite XNNPACK delegate for CPU.

Jun 01, 2024 20:41:38.27 NEW SESSION
Jun 01, 2024 20:41:38.28 Created TensorFlow Lite XNNPACK delegate for CPU.
Jun 01, 2024 22:16:13.85 Created TensorFlow Lite XNNPACK delegate for CPU.
Jun 01, 2024 22:27:15.98 [8084:12856:0601/222715.980:ERROR:device_event_log_impl.cc(195)] [22:27:15.980] USB: usb_service_win.cc:105 SetupDiGetDeviceProperty({{A45C254E-DF1C-4EFD-8020-67D146A850E0}, 6}) failed: Element not found. (0x490)

Jun 02, 2024 19:16:52.14 NEW SESSION
Jun 02, 2024 19:16:52.15 Created TensorFlow Lite XNNPACK delegate for CPU.

Jun 03, 2024 09:19:34.63 NEW SESSION
Jun 03, 2024 09:19:34.64 Created TensorFlow Lite XNNPACK delegate for CPU.

Jun 03, 2024 16:59:40.34 NEW SESSION
Jun 03, 2024 16:59:40.35 Created TensorFlow Lite XNNPACK delegate for CPU.

Jun 04, 2024 08:18:48.97 NEW SESSION
Jun 04, 2024 08:18:48.99 [7444:3104:0604/081848.977:ERROR:interface_endpoint_client.cc(722)] Message 0 rejected by interface blink.mojom.WidgetHost
Jun 04, 2024 08:18:51.34 Created TensorFlow Lite XNNPACK delegate for CPU.

Jun 04, 2024 08:51:05.51 NEW SESSION
Jun 04, 2024 08:51:05.53 Created TensorFlow Lite XNNPACK delegate for CPU.
Jun 04, 2024 10:08:24.56 Created TensorFlow Lite XNNPACK delegate for CPU.

Jun 04, 2024 14:56:57.47 NEW SESSION
Jun 04, 2024 14:56:57.49 Created TensorFlow Lite XNNPACK delegate for CPU.
Jun 04, 2024 16:01:39.42 [10432:12064:0604/160139.426:ERROR:interface_endpoint_client.cc(722)] Message 5 rejected by interface blink.mojom.WidgetHost
Jun 04, 2024 16:39:58.09 Created TensorFlow Lite XNNPACK delegate for CPU.

Jun 04, 2024 22:55:30.16 NEW SESSION
Jun 04, 2024 22:55:30.18 Created TensorFlow Lite XNNPACK delegate for CPU.

Jun 05, 2024 10:32:20.92 NEW SESSION
Jun 05, 2024 10:32:20.94 [3008:14020:0605/103220.922:ERROR:interface_endpoint_client.cc(722)] Message 0 rejected by interface blink.mojom.WidgetHost
Jun 05, 2024 10:32:39.05 Created TensorFlow Lite XNNPACK delegate for CPU.
Jun 05, 2024 11:06:12.11 [13756:5872:0605/110612.111:ERROR:sharing_service.cc(250)] Device un-registration failed with fatal error
Jun 05, 2024 11:26:21.38 Created TensorFlow Lite XNNPACK delegate for CPU.
Jun 05, 2024 11:49:02.58 Created TensorFlow Lite XNNPACK delegate for CPU.
Jun 05, 2024 12:01:45.98 Created TensorFlow Lite XNNPACK delegate for CPU.

Jun 05, 2024 17:25:27.95 NEW SESSION
Jun 05, 2024 17:25:27.96 Created TensorFlow Lite XNNPACK delegate for CPU.

Jun 05, 2024 23:35:17.89 NEW SESSION
Jun 05, 2024 23:35:17.90 Created TensorFlow Lite XNNPACK delegate for CPU.
Jun 06, 2024 24:25:42.38 Created TensorFlow Lite XNNPACK delegate for CPU.
Jun 06, 2024 24:49:48.05 Created TensorFlow Lite XNNPACK delegate for CPU.

Jun 06, 2024 13:37:21.79 NEW SESSION
Jun 06, 2024 13:37:21.80 Created TensorFlow Lite XNNPACK delegate for CPU.
Jun 06, 2024 14:42:39.27 Created TensorFlow Lite XNNPACK delegate for CPU.
Jun 06, 2024 18:39:27.95 Created TensorFlow Lite XNNPACK delegate for CPU.
Jun 06, 2024 18:40:27.24 Created TensorFlow Lite XNNPACK delegate for CPU.

Jun 06, 2024 23:04:20.18 NEW SESSION
Jun 06, 2024 23:04:20.19 Created TensorFlow Lite XNNPACK delegate for CPU.
Jun 06, 2024 23:14:06.90 [2908:11096:0606/231406.905:ERROR:interface_endpoint_client.cc(722)] Message 5 rejected by interface blink.mojom.WidgetHost
Jun 06, 2024 23:16:22.80 [2908:11096:0606/231622.799:ERROR:interface_endpoint_client.cc(722)] Message 5 rejected by interface blink.mojom.WidgetHost
Jun 06, 2024 23:21:52.30 [2908:11096:0606/232152.299:ERROR:interface_endpoint_client.cc(722)] Message 5 rejected by interface blink.mojom.WidgetHost
Jun 06, 2024 23:27:21.18 [2908:11096:0606/232721.182:ERROR:interface_endpoint_client.cc(722)] Message 5 rejected by interface blink.mojom.WidgetHost
Jun 06, 2024 23:28:54.90 [2908:11096:0606/232854.903:ERROR:interface_endpoint_client.cc(722)] Message 5 rejected by interface blink.mojom.WidgetHost
Jun 06, 2024 23:28:58.55 [2908:11096:0606/232858.554:ERROR:interface_endpoint_client.cc(722)] Message 5 rejected by interface blink.mojom.WidgetHost
Jun 07, 2024 24:16:30.16 [2908:11096:0607/001630.163:ERROR:device_event_log_impl.cc(195)] [00:16:30.162] USB: usb_service_win.cc:105 SetupDiGetDeviceProperty({{A45C254E-DF1C-4EFD-8020-67D146A850E0}, 6}) failed: Element not found. (0x490)
Jun 07, 2024 01:04:22.44 [2908:11096:0607/010422.442:ERROR:device_event_log_impl.cc(195)] [01:04:22.443] USB: usb_service_win.cc:105 SetupDiGetDeviceProperty({{A45C254E-DF1C-4EFD-8020-67D146A850E0}, 6}) failed: Element not found. (0x490)
Jun 07, 2024 01:42:08.15 [2908:11096:0607/014208.152:ERROR:interface_endpoint_client.cc(722)] Message 5 rejected by interface blink.mojom.WidgetHost

Jun 07, 2024 08:27:15.05 NEW SESSION
Jun 07, 2024 08:27:15.06 Created TensorFlow Lite XNNPACK delegate for CPU.
Jun 07, 2024 08:31:08.36 [11344:9956:0607/083108.369:ERROR:interface_endpoint_client.cc(722)] Message 5 rejected by interface blink.mojom.WidgetHost
Jun 07, 2024 08:52:59.64 Created TensorFlow Lite XNNPACK delegate for CPU.
Jun 07, 2024 09:11:26.79 Created TensorFlow Lite XNNPACK delegate for CPU.
Jun 07, 2024 09:21:26.56 Created TensorFlow Lite XNNPACK delegate for CPU.
Jun 07, 2024 09:24:31.12 Created TensorFlow Lite XNNPACK delegate for CPU.
Jun 07, 2024 09:34:55.06 [14896:1668:0607/093455.065:ERROR:interface_endpoint_client.cc(722)] Message 0 rejected by interface blink.mojom.WidgetHost
Jun 07, 2024 09:41:32.34 Created TensorFlow Lite XNNPACK delegate for CPU.
Jun 07, 2024 09:49:10.70 Created TensorFlow Lite XNNPACK delegate for CPU.

Jun 07, 2024 14:26:15.56 NEW SESSION
Jun 07, 2024 14:26:15.56 Created TensorFlow Lite XNNPACK delegate for CPU.
Jun 07, 2024 14:31:19.92 [14172:8252:0607/143119.927:ERROR:interface_endpoint_client.cc(722)] Message 5 rejected by interface blink.mojom.WidgetHost
Jun 07, 2024 14:43:22.54 Created TensorFlow Lite XNNPACK delegate for CPU.
Jun 07, 2024 14:43:36.69 [12772:2724:0607/144336.693:ERROR:interface_endpoint_client.cc(722)] Message 5 rejected by interface blink.mojom.WidgetHost
Jun 07, 2024 14:43:38.06 [12772:2724:0607/144338.068:ERROR:interface_endpoint_client.cc(722)] Message 5 rejected by interface blink.mojom.WidgetHost
Jun 07, 2024 14:46:30.40 [12772:2724:0607/144630.403:ERROR:interface_endpoint_client.cc(722)] Message 5 rejected by interface blink.mojom.WidgetHost
Jun 07, 2024 15:46:13.97 [12772:2724:0607/154613.978:ERROR:interface_endpoint_client.cc(722)] Message 5 rejected by interface blink.mojom.WidgetHost
Jun 07, 2024 16:06:22.70 [12772:2724:0607/160622.705:ERROR:interface_endpoint_client.cc(722)] Message 5 rejected by interface blink.mojom.WidgetHost
Jun 07, 2024 16:18:22.22 [12772:2724:0607/161822.229:ERROR:interface_endpoint_client.cc(722)] Message 5 rejected by interface blink.mojom.WidgetHost
Jun 07, 2024 16:44:37.09 Created TensorFlow Lite XNNPACK delegate for CPU.
Jun 07, 2024 16:52:39.31 Created TensorFlow Lite XNNPACK delegate for CPU.
Jun 07, 2024 17:55:58.36 Created TensorFlow Lite XNNPACK delegate for CPU.

Jun 07, 2024 21:34:23.25 NEW SESSION
Jun 07, 2024 21:34:23.26 Created TensorFlow Lite XNNPACK delegate for CPU.
Jun 07, 2024 23:42:10.65 [3688:10528:0607/234210.650:ERROR:interface_endpoint_client.cc(722)] Message 5 rejected by interface blink.mojom.WidgetHost

Jun 11, 2024 08:23:50.32 NEW SESSION
Jun 11, 2024 08:23:50.34 Created TensorFlow Lite XNNPACK delegate for CPU.

Jun 11, 2024 15:39:54.95 NEW SESSION
Jun 11, 2024 15:39:54.97 Created TensorFlow Lite XNNPACK delegate for CPU.
Jun 11, 2024 18:52:21.99 Created TensorFlow Lite XNNPACK delegate for CPU.
Jun 11, 2024 19:07:51.48 Created TensorFlow Lite XNNPACK delegate for CPU.

Jun 11, 2024 23:32:37.20 NEW SESSION
Jun 11, 2024 23:32:37.21 Created TensorFlow Lite XNNPACK delegate for CPU.
Jun 11, 2024 23:32:45.99 Created TensorFlow Lite XNNPACK delegate for CPU.
Jun 12, 2024 24:49:42.97 [1660:6000:0612/004942.972:ERROR:device_event_log_impl.cc(195)] [00:49:42.972] USB: usb_service_win.cc:105 SetupDiGetDeviceProperty({{A45C254E-DF1C-4EFD-8020-67D146A850E0}, 6}) failed: Element not found. (0x490)
Jun 12, 2024 01:49:30.35 [1660:6000:0612/014930.349:ERROR:device_event_log_impl.cc(195)] [01:49:30.342] USB: usb_service_win.cc:105 SetupDiGetDeviceProperty({{A45C254E-DF1C-4EFD-8020-67D146A850E0}, 6}) failed: Element not found. (0x490)

Jun 12, 2024 15:07:27.10 NEW SESSION
Jun 12, 2024 15:07:27.11 Created TensorFlow Lite XNNPACK delegate for CPU.
Jun 12, 2024 15:32:42.97 [14844:8980:0612/153242.969:ERROR:connection_factory_impl.cc(483)] ConnectionHandler failed with net error: -2
Jun 12, 2024 15:59:58.74 [14844:8980:0612/155958.741:ERROR:connection_factory_impl.cc(434)] Failed to connect to MCS endpoint with error -7
Jun 12, 2024 17:56:27.91 [14844:1588:0612/175627.917:ERROR:interface_endpoint_client.cc(722)] Message 0 rejected by interface blink.mojom.WidgetHost

Jun 12, 2024 22:52:07.08 NEW SESSION
Jun 12, 2024 22:52:07.09 Created TensorFlow Lite XNNPACK delegate for CPU.
Jun 12, 2024 22:52:11.63 [7440:4872:0612/225211.631:ERROR:interface_endpoint_client.cc(722)] Message 5 rejected by interface blink.mojom.WidgetHost
Jun 12, 2024 22:52:17.44 [7440:4872:0612/225217.442:ERROR:interface_endpoint_client.cc(722)] Message 5 rejected by interface blink.mojom.WidgetHost

Jun 13, 2024 14:18:56.71 NEW SESSION
Jun 13, 2024 14:18:56.73 Created TensorFlow Lite XNNPACK delegate for CPU.
Jun 13, 2024 14:18:59.87 [16244:6240:0613/141859.870:ERROR:extension_registrar.cc(539)] Failed to unregister service worker for extension nkbihfbeogaeaoehlefnkodbefgpgknn
Jun 13, 2024 15:43:53.60 [16244:6240:0613/154353.601:ERROR:device_event_log_impl.cc(195)] [15:43:53.597] USB: usb_service_win.cc:105 SetupDiGetDeviceProperty({{A45C254E-DF1C-4EFD-8020-67D146A850E0}, 6}) failed: Element not found. (0x490)
Jun 13, 2024 16:08:40.48 [16244:8728:0613/160840.484:ERROR:connection_factory_impl.cc(483)] ConnectionHandler failed with net error: -2
Jun 13, 2024 17:25:13.39 [16244:6240:0613/172513.391:ERROR:device_event_log_impl.cc(195)] [17:25:13.403] USB: usb_service_win.cc:105 SetupDiGetDeviceProperty({{A45C254E-DF1C-4EFD-8020-67D146A850E0}, 6}) failed: Element not found. (0x490)
Jun 13, 2024 17:45:36.38 [16244:8728:0613/174536.382:ERROR:connection_factory_impl.cc(483)] ConnectionHandler failed with net error: -2

Jun 13, 2024 23:15:35.09 NEW SESSION
Jun 13, 2024 23:15:35.10 Created TensorFlow Lite XNNPACK delegate for CPU.

Jun 14, 2024 11:19:37.66 NEW SESSION
Jun 14, 2024 11:19:37.68 Created TensorFlow Lite XNNPACK delegate for CPU.
Jun 14, 2024 12:33:36.41 Created TensorFlow Lite XNNPACK delegate for CPU.
Jun 14, 2024 13:10:18.70 Created TensorFlow Lite XNNPACK delegate for CPU.
Jun 14, 2024 13:12:59.77 [15636:10712:0614/131259.779:ERROR:CONSOLE(1)] "Failed getting cookie attribute: Version", source: devtools://devtools/bundled/devtools-frontend/front_end/core/sdk/sdk.js (1)
Jun 14, 2024 13:12:59.77 [15636:10712:0614/131259.779:ERROR:CONSOLE(1)] "Failed getting cookie attribute: Version", source: devtools://devtools/bundled/devtools-frontend/front_end/core/sdk/sdk.js (1)
Jun 14, 2024 13:12:59.77 [15636:10712:0614/131259.779:ERROR:CONSOLE(1)] "Failed getting cookie attribute: Version", source: devtools://devtools/bundled/devtools-frontend/front_end/core/sdk/sdk.js (1)
Jun 14, 2024 13:12:59.78 [15636:10712:0614/131259.779:ERROR:CONSOLE(1)] "Failed getting cookie attribute: Version", source: devtools://devtools/bundled/devtools-frontend/front_end/core/sdk/sdk.js (1)
Jun 14, 2024 13:12:59.78 [15636:10712:0614/131259.788:ERROR:CONSOLE(1)] "Failed getting cookie attribute: Version", source: devtools://devtools/bundled/devtools-frontend/front_end/core/sdk/sdk.js (1)
Jun 14, 2024 13:12:59.78 [15636:10712:0614/131259.788:ERROR:CONSOLE(1)] "Failed getting cookie attribute: Version", source: devtools://devtools/bundled/devtools-frontend/front_end/core/sdk/sdk.js (1)
Jun 14, 2024 13:16:01.78 [15636:10712:0614/131601.788:ERROR:CONSOLE(1)] "Failed getting cookie attribute: Version", source: devtools://devtools/bundled/devtools-frontend/front_end/core/sdk/sdk.js (1)
Jun 14, 2024 13:16:01.78 [15636:10712:0614/131601.788:ERROR:CONSOLE(1)] "Failed getting cookie attribute: Version", source: devtools://devtools/bundled/devtools-frontend/front_end/core/sdk/sdk.js (1)
Jun 14, 2024 13:16:01.78 [15636:10712:0614/131601.788:ERROR:CONSOLE(1)] "Failed getting cookie attribute: Version", source: devtools://devtools/bundled/devtools-frontend/front_end/core/sdk/sdk.js (1)
Jun 14, 2024 13:16:01.78 [15636:10712:0614/131601.788:ERROR:CONSOLE(1)] "Failed getting cookie attribute: Version", source: devtools://devtools/bundled/devtools-frontend/front_end/core/sdk/sdk.js (1)
Jun 14, 2024 13:16:01.79 [15636:10712:0614/131601.790:ERROR:CONSOLE(1)] "Failed getting cookie attribute: Version", source: devtools://devtools/bundled/devtools-frontend/front_end/core/sdk/sdk.js (1)
Jun 14, 2024 13:16:01.79 [15636:10712:0614/131601.790:ERROR:CONSOLE(1)] "Failed getting cookie attribute: Version", source: devtools://devtools/bundled/devtools-frontend/front_end/core/sdk/sdk.js (1)
Jun 14, 2024 17:02:44.57 Created TensorFlow Lite XNNPACK delegate for CPU.
Jun 14, 2024 17:24:33.49 Created TensorFlow Lite XNNPACK delegate for CPU.
Jun 14, 2024 17:25:02.45 [5844:13872:0614/172502.450:ERROR:interface_endpoint_client.cc(722)] Message 5 rejected by interface blink.mojom.WidgetHost
Jun 14, 2024 18:23:58.51 [5844:13872:0614/182358.512:ERROR:interface_endpoint_client.cc(722)] Message 5 rejected by interface blink.mojom.WidgetHost
Jun 14, 2024 18:24:05.25 [5844:13872:0614/182405.250:ERROR:interface_endpoint_client.cc(722)] Message 5 rejected by interface blink.mojom.WidgetHost
Jun 14, 2024 18:26:30.27 [5844:13872:0614/182630.278:ERROR:device_event_log_impl.cc(195)] [18:26:30.280] USB: usb_service_win.cc:105 SetupDiGetDeviceProperty({{A45C254E-DF1C-4EFD-8020-67D146A850E0}, 6}) failed: Element not found. (0x490)
Jun 14, 2024 18:33:34.82 [5844:13872:0614/183334.826:ERROR:interface_endpoint_client.cc(722)] Message 5 rejected by interface blink.mojom.WidgetHost
Jun 14, 2024 19:12:34.60 [5844:13872:0614/191234.608:ERROR:interface_endpoint_client.cc(722)] Message 0 rejected by interface blink.mojom.WidgetHost
Jun 14, 2024 19:25:42.15 [5844:13872:0614/192542.158:ERROR:interface_endpoint_client.cc(722)] Message 5 rejected by interface blink.mojom.WidgetHost

Jun 14, 2024 21:48:04.41 NEW SESSION
Jun 14, 2024 21:48:04.42 Created TensorFlow Lite XNNPACK delegate for CPU.
Jun 14, 2024 22:06:30.26 Created TensorFlow Lite XNNPACK delegate for CPU.
Jun 14, 2024 22:16:09.69 Created TensorFlow Lite XNNPACK delegate for CPU.
Jun 14, 2024 22:17:27.07 [12296:5676:0614/221727.078:ERROR:CONSOLE(1)] "Request Network.loadNetworkResource failed. {"code":-32602,"message":"Unsupported URL scheme"}", source: devtools://devtools/bundled/devtools-frontend/front_end/core/protocol_client/protocol_client.js (1)
Jun 14, 2024 22:21:21.39 [12296:5676:0614/222121.392:ERROR:CONSOLE(1)] "Request Network.loadNetworkResource failed. {"code":-32602,"message":"Unsupported URL scheme"}", source: devtools://devtools/bundled/devtools-frontend/front_end/core/protocol_client/protocol_client.js (1)
Jun 14, 2024 22:21:27.06 [12296:5676:0614/222127.060:ERROR:CONSOLE(1)] "Request Network.loadNetworkResource failed. {"code":-32602,"message":"Unsupported URL scheme"}", source: devtools://devtools/bundled/devtools-frontend/front_end/core/protocol_client/protocol_client.js (1)
Jun 14, 2024 22:21:36.27 [12296:5676:0614/222136.274:ERROR:CONSOLE(1)] "Request Network.loadNetworkResource failed. {"code":-32602,"message":"Unsupported URL scheme"}", source: devtools://devtools/bundled/devtools-frontend/front_end/core/protocol_client/protocol_client.js (1)
Jun 15, 2024 24:22:02.90 Created TensorFlow Lite XNNPACK delegate for CPU.
Jun 15, 2024 24:41:37.30 [10184:17340:0615/004137.303:ERROR:interface_endpoint_client.cc(722)] Message 5 rejected by interface blink.mojom.WidgetHost
Jun 15, 2024 24:46:49.26 Created TensorFlow Lite XNNPACK delegate for CPU.
Jun 15, 2024 24:49:50.97 Created TensorFlow Lite XNNPACK delegate for CPU.
Jun 15, 2024 01:03:08.40 Created TensorFlow Lite XNNPACK delegate for CPU.
Jun 15, 2024 01:13:28.37 Created TensorFlow Lite XNNPACK delegate for CPU.
Jun 15, 2024 01:39:34.07 [4256:6272:0615/013934.071:ERROR:connection_factory_impl.cc(483)] ConnectionHandler failed with net error: -2
Jun 15, 2024 02:49:13.19 Created TensorFlow Lite XNNPACK delegate for CPU.
Jun 15, 2024 02:50:03.63 Created TensorFlow Lite XNNPACK delegate for CPU.
Jun 15, 2024 02:54:05.08 Created TensorFlow Lite XNNPACK delegate for CPU.
Jun 15, 2024 03:05:42.15 Created TensorFlow Lite XNNPACK delegate for CPU.
Jun 15, 2024 03:05:53.49 Created TensorFlow Lite XNNPACK delegate for CPU.
Jun 15, 2024 03:06:41.36 Created TensorFlow Lite XNNPACK delegate for CPU.
Jun 15, 2024 03:09:49.65 Created TensorFlow Lite XNNPACK delegate for CPU.

Jun 15, 2024 10:15:58.84 NEW SESSION
Jun 15, 2024 10:15:58.85 Created TensorFlow Lite XNNPACK delegate for CPU.
Jun 15, 2024 10:32:09.23 Created TensorFlow Lite XNNPACK delegate for CPU.
Jun 15, 2024 10:36:10.13 Created TensorFlow Lite XNNPACK delegate for CPU.
Jun 15, 2024 10:55:29.65 Created TensorFlow Lite XNNPACK delegate for CPU.
Jun 15, 2024 10:57:51.42 Created TensorFlow Lite XNNPACK delegate for CPU.
Jun 15, 2024 11:21:40.50 Created TensorFlow Lite XNNPACK delegate for CPU.
Jun 15, 2024 12:15:35.44 [8412:12484:0615/121535.444:ERROR:interface_endpoint_client.cc(722)] Message 5 rejected by interface blink.mojom.WidgetHost

Jun 15, 2024 15:51:16.31 NEW SESSION
Jun 15, 2024 15:51:16.32 Created TensorFlow Lite XNNPACK delegate for CPU.
Jun 15, 2024 17:03:40.71 Created TensorFlow Lite XNNPACK delegate for CPU.
Jun 15, 2024 18:00:12.33 Created TensorFlow Lite XNNPACK delegate for CPU.
Jun 15, 2024 18:56:18.57 [7176:10908:0615/185618.570:ERROR:interface_endpoint_client.cc(722)] Message 5 rejected by interface blink.mojom.WidgetHost
Jun 15, 2024 19:07:10.94 Created TensorFlow Lite XNNPACK delegate for CPU.
Jun 15, 2024 21:39:11.43 [13384:17172:0615/213911.422:ERROR:connection_factory_impl.cc(483)] ConnectionHandler failed with net error: -2
Jun 16, 2024 09:15:33.60 [13384:10516:0616/091533.603:ERROR:get_updates_processor.cc(263)] PostClientToServerMessage() failed during GetUpdates with error Network error (ERR_INTERNET_DISCONNECTED)
Jun 16, 2024 09:16:48.62 [13384:7236:0616/091648.620:ERROR:get_updates_processor.cc(263)] PostClientToServerMessage() failed during GetUpdates with error Network error (ERR_INTERNET_DISCONNECTED)
Jun 16, 2024 10:43:17.79 [13384:17172:0616/104317.799:ERROR:connection_factory_impl.cc(483)] ConnectionHandler failed with net error: -2
Jun 16, 2024 10:43:17.92 [13384:11332:0616/104317.924:ERROR:gpu_process_host.cc(999)] GPU process exited unexpectedly: exit_code=1
Jun 16, 2024 10:48:44.45 Created TensorFlow Lite XNNPACK delegate for CPU.
Jun 16, 2024 11:41:36.84 Created TensorFlow Lite XNNPACK delegate for CPU.
Jun 16, 2024 12:01:34.76 Created TensorFlow Lite XNNPACK delegate for CPU.
Jun 16, 2024 12:42:22.14 Created TensorFlow Lite XNNPACK delegate for CPU.
Jun 16, 2024 12:54:08.12 Created TensorFlow Lite XNNPACK delegate for CPU.
Jun 16, 2024 13:11:42.95 Created TensorFlow Lite XNNPACK delegate for CPU.
Jun 16, 2024 13:16:41.61 Created TensorFlow Lite XNNPACK delegate for CPU.
Jun 16, 2024 13:30:25.97 Created TensorFlow Lite XNNPACK delegate for CPU.
Jun 16, 2024 13:39:10.47 Created TensorFlow Lite XNNPACK delegate for CPU.
Jun 16, 2024 13:49:17.10 Created TensorFlow Lite XNNPACK delegate for CPU.
Jun 16, 2024 13:50:28.87 Created TensorFlow Lite XNNPACK delegate for CPU.
Jun 16, 2024 13:54:23.87 Created TensorFlow Lite XNNPACK delegate for CPU.
Jun 16, 2024 14:04:45.73 Created TensorFlow Lite XNNPACK delegate for CPU.
Jun 16, 2024 14:08:52.84 Created TensorFlow Lite XNNPACK delegate for CPU.
Jun 16, 2024 14:28:40.31 Created TensorFlow Lite XNNPACK delegate for CPU.

Jun 16, 2024 18:09:42.36 NEW SESSION
Jun 16, 2024 18:09:42.37 Created TensorFlow Lite XNNPACK delegate for CPU.
Jun 16, 2024 18:12:37.19 [5732:11704:0616/181237.190:ERROR:interface_endpoint_client.cc(722)] Message 5 rejected by interface blink.mojom.WidgetHost
Jun 16, 2024 19:28:26.67 Created TensorFlow Lite XNNPACK delegate for CPU.
Jun 16, 2024 20:47:49.07 Created TensorFlow Lite XNNPACK delegate for CPU.
Jun 16, 2024 20:59:32.51 Created TensorFlow Lite XNNPACK delegate for CPU.

Jun 16, 2024 23:30:56.91 NEW SESSION
Jun 16, 2024 23:30:56.94 [17920:14696:0616/233056.911:ERROR:get_updates_processor.cc(263)] PostClientToServerMessage() failed during GetUpdates with error Network error (ERR_ABORTED)
Jun 16, 2024 23:32:34.93 Created TensorFlow Lite XNNPACK delegate for CPU.
Jun 16, 2024 23:47:45.17 Created TensorFlow Lite XNNPACK delegate for CPU.

Jun 17, 2024 08:26:09.77 NEW SESSION
Jun 17, 2024 08:26:09.77 Created TensorFlow Lite XNNPACK delegate for CPU.
Jun 17, 2024 08:29:18.60 Created TensorFlow Lite XNNPACK delegate for CPU.
Jun 17, 2024 08:38:50.63 Created TensorFlow Lite XNNPACK delegate for CPU.
Jun 17, 2024 14:04:02.33 Created TensorFlow Lite XNNPACK delegate for CPU.

Jun 17, 2024 19:44:27.10 NEW SESSION
Jun 17, 2024 19:44:27.11 Created TensorFlow Lite XNNPACK delegate for CPU.
Jun 17, 2024 19:48:26.60 [5584:4340:0617/194826.607:ERROR:interface_endpoint_client.cc(722)] Message 5 rejected by interface blink.mojom.WidgetHost
Jun 17, 2024 22:24:16.10 [5584:4340:0617/222416.102:ERROR:interface_endpoint_client.cc(722)] Message 5 rejected by interface blink.mojom.WidgetHost
Jun 17, 2024 22:46:59.76 Created TensorFlow Lite XNNPACK delegate for CPU.
Jun 17, 2024 23:58:36.84 Created TensorFlow Lite XNNPACK delegate for CPU.
Jun 18, 2024 24:17:21.48 Created TensorFlow Lite XNNPACK delegate for CPU.
Jun 18, 2024 02:08:14.57 Created TensorFlow Lite XNNPACK delegate for CPU.
Jun 18, 2024 02:08:18.15 [13248:19120:0618/020818.158:ERROR:extension_registrar.cc(539)] Failed to unregister service worker for extension nkbihfbeogaeaoehlefnkodbefgpgknn
Jun 18, 2024 02:25:29.64 [13248:16300:0618/022529.642:ERROR:connection_factory_impl.cc(483)] ConnectionHandler failed with net error: -2

Jun 18, 2024 07:28:44.25 NEW SESSION
Jun 18, 2024 07:28:44.26 Created TensorFlow Lite XNNPACK delegate for CPU.
Jun 18, 2024 08:32:03.25 [17640:20016:0618/083203.257:ERROR:interface_endpoint_client.cc(722)] Message 5 rejected by interface blink.mojom.WidgetHost
Jun 18, 2024 12:42:31.98 [17640:19124:0618/124231.986:ERROR:connection_factory_impl.cc(483)] ConnectionHandler failed with net error: -2
Jun 18, 2024 13:44:02.13 [17640:19124:0618/134402.133:ERROR:connection_factory_impl.cc(483)] ConnectionHandler failed with net error: -2
Jun 18, 2024 13:44:04.16 [17640:19124:0618/134404.164:ERROR:connection_factory_impl.cc(434)] Failed to connect to MCS endpoint with error -106
Jun 18, 2024 13:44:06.25 [17640:20016:0618/134406.252:ERROR:device_event_log_impl.cc(195)] [13:44:06.249] USB: usb_service_win.cc:105 SetupDiGetDeviceProperty({{A45C254E-DF1C-4EFD-8020-67D146A850E0}, 6}) failed: Element not found. (0x490)
Jun 18, 2024 15:08:15.74 [17640:20016:0618/150815.747:ERROR:interface_endpoint_client.cc(722)] Message 5 rejected by interface blink.mojom.WidgetHost

Jun 18, 2024 20:45:41.07 NEW SESSION
Jun 18, 2024 20:45:41.08 Created TensorFlow Lite XNNPACK delegate for CPU.
Jun 19, 2024 24:05:13.12 [1120:19592:0619/000513.115:ERROR:connection_factory_impl.cc(483)] ConnectionHandler failed with net error: -2
Jun 19, 2024 24:12:19.02 [1120:6020:0619/001219.023:ERROR:interface_endpoint_client.cc(722)] Message 5 rejected by interface blink.mojom.WidgetHost
Jun 19, 2024 24:15:37.19 [1120:6020:0619/001537.191:ERROR:interface_endpoint_client.cc(722)] Message 5 rejected by interface blink.mojom.WidgetHost
Jun 19, 2024 01:20:46.52 [1120:6020:0619/012046.523:ERROR:interface_endpoint_client.cc(722)] Message 5 rejected by interface blink.mojom.WidgetHost
Jun 19, 2024 02:07:04.52 [1120:6020:0619/020704.525:ERROR:interface_endpoint_client.cc(722)] Message 0 rejected by interface blink.mojom.WidgetHost

Jun 19, 2024 02:10:16.86 NEW SESSION
Jun 19, 2024 02:10:16.87 Created TensorFlow Lite XNNPACK delegate for CPU.
Jun 19, 2024 02:10:28.32 [9420:7956:0619/021028.320:ERROR:interface_endpoint_client.cc(722)] Message 5 rejected by interface blink.mojom.WidgetHost
Jun 19, 2024 02:26:57.49 Created TensorFlow Lite XNNPACK delegate for CPU.
Jun 19, 2024 02:28:28.49 [10592:12608:0619/022828.499:ERROR:interface_endpoint_client.cc(722)] Message 5 rejected by interface blink.mojom.WidgetHost
Jun 19, 2024 02:30:40.56 [10592:12608:0619/023040.563:ERROR:interface_endpoint_client.cc(722)] Message 5 rejected by interface blink.mojom.WidgetHost
Jun 19, 2024 02:48:24.00 Created TensorFlow Lite XNNPACK delegate for CPU.
Jun 19, 2024 02:48:27.63 [2876:4264:0619/024827.634:ERROR:extension_registrar.cc(539)] Failed to unregister service worker for extension nkbihfbeogaeaoehlefnkodbefgpgknn
Jun 19, 2024 03:35:53.15 Created TensorFlow Lite XNNPACK delegate for CPU.
Jun 19, 2024 03:48:27.52 Created TensorFlow Lite XNNPACK delegate for CPU.
Jun 19, 2024 08:22:21.87 [4716:5988:0619/082221.871:ERROR:interface_endpoint_client.cc(722)] Message 5 rejected by interface blink.mojom.WidgetHost
Jun 19, 2024 09:04:11.80 [4716:5988:0619/090411.802:ERROR:interface_endpoint_client.cc(722)] Message 5 rejected by interface blink.mojom.WidgetHost
Jun 19, 2024 09:04:40.10 [4716:5988:0619/090440.104:ERROR:interface_endpoint_client.cc(722)] Message 5 rejected by interface blink.mojom.WidgetHost
Jun 19, 2024 09:06:12.58 [4716:5988:0619/090612.580:ERROR:interface_endpoint_client.cc(722)] Message 5 rejected by interface blink.mojom.WidgetHost

Jun 23, 2024 23:42:02.29 NEW SESSION
Jun 23, 2024 23:42:02.31 Created TensorFlow Lite XNNPACK delegate for CPU.
Jun 23, 2024 23:42:06.15 [9100:13520:0623/234206.153:ERROR:extension_registrar.cc(539)] Failed to unregister service worker for extension nkbihfbeogaeaoehlefnkodbefgpgknn
Jun 23, 2024 23:42:46.38 Created TensorFlow Lite XNNPACK delegate for CPU.

Jun 24, 2024 15:12:38.15 NEW SESSION
Jun 24, 2024 15:12:38.16 Created TensorFlow Lite XNNPACK delegate for CPU.

Jun 24, 2024 16:06:42.41 NEW SESSION
Jun 24, 2024 16:06:42.42 Created TensorFlow Lite XNNPACK delegate for CPU.
Jun 24, 2024 16:22:09.28 Created TensorFlow Lite XNNPACK delegate for CPU.
Jun 24, 2024 16:35:02.55 Created TensorFlow Lite XNNPACK delegate for CPU.
Jun 24, 2024 16:43:42.68 [1460:7880:0624/164342.688:ERROR:device_event_log_impl.cc(196)] [16:43:42.688] USB: usb_service_win.cc:105 SetupDiGetDeviceProperty({{A45C254E-DF1C-4EFD-8020-67D146A850E0}, 6}) failed: Element not found. (0x490)
Jun 24, 2024 16:51:00.08 Created TensorFlow Lite XNNPACK delegate for CPU.
Jun 24, 2024 16:58:16.24 [9200:14228:0624/165816.246:ERROR:device_event_log_impl.cc(196)] [16:58:16.246] USB: usb_service_win.cc:105 SetupDiGetDeviceProperty({{A45C254E-DF1C-4EFD-8020-67D146A850E0}, 6}) failed: Element not found. (0x490)
Jun 24, 2024 17:30:34.93 Created TensorFlow Lite XNNPACK delegate for CPU.
Jun 24, 2024 17:51:29.04 Created TensorFlow Lite XNNPACK delegate for CPU.
Jun 24, 2024 18:17:15.07 [11848:4680:0624/181715.076:ERROR:connection_factory_impl.cc(483)] ConnectionHandler failed with net error: -2
Jun 24, 2024 20:42:40.47 [11848:4680:0624/204240.476:ERROR:connection_factory_impl.cc(483)] ConnectionHandler failed with net error: -2
Jun 24, 2024 20:57:23.49 Created TensorFlow Lite XNNPACK delegate for CPU.
Jun 24, 2024 21:00:58.06 [3324:14064:0624/210058.060:ERROR:device_event_log_impl.cc(196)] [21:00:58.060] USB: usb_service_win.cc:105 SetupDiGetDeviceProperty({{A45C254E-DF1C-4EFD-8020-67D146A850E0}, 6}) failed: Element not found. (0x490)
Jun 25, 2024 24:01:30.21 [3324:14064:0625/000130.217:ERROR:device_event_log_impl.cc(196)] [00:01:30.216] USB: usb_service_win.cc:105 SetupDiGetDeviceProperty({{A45C254E-DF1C-4EFD-8020-67D146A850E0}, 6}) failed: Element not found. (0x490)
Jun 25, 2024 24:04:31.10 [3324:14064:0625/000431.105:ERROR:interface_endpoint_client.cc(722)] Message 0 rejected by interface blink.mojom.WidgetHost
Jun 25, 2024 24:08:19.06 [3324:14064:0625/000819.066:ERROR:interface_endpoint_client.cc(722)] Message 1 rejected by interface blink.mojom.WidgetHost
Jun 25, 2024 24:08:43.42 [3324:14064:0625/000843.424:ERROR:interface_endpoint_client.cc(722)] Message 0 rejected by interface blink.mojom.WidgetHost
Jun 25, 2024 24:08:47.35 [3324:14064:0625/000847.352:ERROR:interface_endpoint_client.cc(722)] Message 1 rejected by interface blink.mojom.WidgetHost
Jun 25, 2024 24:22:08.39 [3324:14064:0625/002208.388:ERROR:interface_endpoint_client.cc(722)] Message 0 rejected by interface blink.mojom.WidgetHost

Jun 25, 2024 21:01:12.18 NEW SESSION
Jun 25, 2024 21:01:12.19 Created TensorFlow Lite XNNPACK delegate for CPU.
Jun 25, 2024 21:04:01.94 [3484:3552:0625/210401.945:ERROR:device_event_log_impl.cc(196)] [21:04:01.939] USB: usb_service_win.cc:105 SetupDiGetDeviceProperty({{A45C254E-DF1C-4EFD-8020-67D146A850E0}, 6}) failed: Element not found. (0x490)
Jun 25, 2024 21:06:51.59 [3484:3552:0625/210651.593:ERROR:interface_endpoint_client.cc(722)] Message 5 rejected by interface blink.mojom.WidgetHost
Jun 25, 2024 21:44:18.83 Created TensorFlow Lite XNNPACK delegate for CPU.
Jun 25, 2024 21:44:21.60 [436:6368:0625/214421.609:ERROR:extension_registrar.cc(539)] Failed to unregister service worker for extension nkbihfbeogaeaoehlefnkodbefgpgknn
Jun 25, 2024 22:31:05.04 [436:6368:0625/223105.047:ERROR:interface_endpoint_client.cc(722)] Message 5 rejected by interface blink.mojom.WidgetHost
Jun 26, 2024 01:05:33.28 [436:6368:0626/010533.281:ERROR:interface_endpoint_client.cc(722)] Message 5 rejected by interface blink.mojom.WidgetHost
Jun 26, 2024 01:10:58.22 Created TensorFlow Lite XNNPACK delegate for CPU.
Jun 26, 2024 04:09:19.97 [8128:9940:0626/040919.970:ERROR:connection_factory_impl.cc(483)] ConnectionHandler failed with net error: -2
Jun 26, 2024 06:45:39.78 [8128:9940:0626/064539.781:ERROR:connection_factory_impl.cc(483)] ConnectionHandler failed with net error: -2
Jun 26, 2024 08:12:35.36 [8128:7368:0626/081235.363:ERROR:interface_endpoint_client.cc(722)] Message 5 rejected by interface blink.mojom.WidgetHost
Jun 26, 2024 11:20:13.16 [8128:7368:0626/112013.167:ERROR:interface_endpoint_client.cc(722)] Message 5 rejected by interface blink.mojom.WidgetHost
Jun 26, 2024 14:19:42.24 [8128:7368:0626/141942.246:ERROR:interface_endpoint_client.cc(722)] Message 5 rejected by interface blink.mojom.WidgetHost
Jun 26, 2024 14:26:44.71 [8128:7368:0626/142644.712:ERROR:interface_endpoint_client.cc(722)] Message 5 rejected by interface blink.mojom.WidgetHost
Jun 26, 2024 14:26:50.12 [8128:7368:0626/142650.127:ERROR:interface_endpoint_client.cc(722)] Message 5 rejected by interface blink.mojom.WidgetHost
Jun 26, 2024 14:56:58.45 [8128:9940:0626/145658.454:ERROR:connection_factory_impl.cc(434)] Failed to connect to MCS endpoint with error -105
Jun 26, 2024 14:57:12.45 [8128:9940:0626/145712.456:ERROR:connection_factory_impl.cc(434)] Failed to connect to MCS endpoint with error -105
Jun 26, 2024 14:57:25.00 [8128:9940:0626/145725.002:ERROR:connection_factory_impl.cc(434)] Failed to connect to MCS endpoint with error -105
Jun 26, 2024 14:57:31.32 [8128:9940:0626/145731.322:ERROR:connection_factory_impl.cc(434)] Failed to connect to MCS endpoint with error -105
Jun 26, 2024 14:57:35.27 [8128:7368:0626/145735.278:ERROR:device_event_log_impl.cc(196)] [14:57:35.278] USB: usb_service_win.cc:105 SetupDiGetDeviceProperty({{A45C254E-DF1C-4EFD-8020-67D146A850E0}, 6}) failed: Element not found. (0x490)
Jun 26, 2024 14:57:45.44 [8128:9940:0626/145745.448:ERROR:connection_factory_impl.cc(434)] Failed to connect to MCS endpoint with error -105
Jun 26, 2024 14:58:04.61 [8128:9940:0626/145804.616:ERROR:connection_factory_impl.cc(434)] Failed to connect to MCS endpoint with error -105
Jun 26, 2024 14:58:53.45 [8128:9940:0626/145853.453:ERROR:connection_factory_impl.cc(434)] Failed to connect to MCS endpoint with error -105
Jun 26, 2024 14:59:06.95 [8128:9940:0626/145906.950:ERROR:connection_factory_impl.cc(434)] Failed to connect to MCS endpoint with error -105
Jun 26, 2024 15:33:43.08 [8128:7368:0626/153343.083:ERROR:interface_endpoint_client.cc(722)] Message 5 rejected by interface blink.mojom.WidgetHost
Jun 26, 2024 15:52:12.23 [8128:7368:0626/155212.237:ERROR:interface_endpoint_client.cc(722)] Message 5 rejected by interface blink.mojom.WidgetHost
Jun 26, 2024 16:25:25.83 Created TensorFlow Lite XNNPACK delegate for CPU.

Jun 26, 2024 20:37:58.48 NEW SESSION
Jun 26, 2024 20:37:58.49 Created TensorFlow Lite XNNPACK delegate for CPU.
Jun 26, 2024 20:41:01.68 [1128:9740:0626/204101.685:ERROR:interface_endpoint_client.cc(722)] Message 5 rejected by interface blink.mojom.WidgetHost
Jun 26, 2024 20:43:16.84 Created TensorFlow Lite XNNPACK delegate for CPU.
Jun 26, 2024 20:43:53.54 [2812:10648:0626/204353.540:ERROR:interface_endpoint_client.cc(722)] Message 5 rejected by interface blink.mojom.WidgetHost
Jun 26, 2024 21:02:41.39 [2812:10648:0626/210241.390:ERROR:interface_endpoint_client.cc(722)] Message 5 rejected by interface blink.mojom.WidgetHost
Jun 27, 2024 02:12:16.38 [2812:15556:0627/021216.373:ERROR:connection_factory_impl.cc(483)] ConnectionHandler failed with net error: -2

Jun 27, 2024 08:15:31.85 NEW SESSION
Jun 27, 2024 08:15:31.88 Created TensorFlow Lite XNNPACK delegate for CPU.
Jun 27, 2024 10:01:32.46 [10124:18428:0627/100132.461:ERROR:connection_factory_impl.cc(483)] ConnectionHandler failed with net error: -2

Jun 27, 2024 11:05:32.93 NEW SESSION
Jun 27, 2024 11:05:32.94 Created TensorFlow Lite XNNPACK delegate for CPU.

Jun 27, 2024 13:17:05.10 NEW SESSION
Jun 27, 2024 13:17:05.12 Created TensorFlow Lite XNNPACK delegate for CPU.
